-------------------------------------------------------------------------------
Test set: com.project.PR113FilesTest
-------------------------------------------------------------------------------
Tests run: 2, Failures: 2, Errors: 0, Skipped: 0, Time elapsed: 0.004 s <<< FAILURE! - in com.project.PR113FilesTest
com.project.PR113FilesTest.testSobreescriureFrases  Time elapsed: 0.001 s  <<< FAILURE!
org.opentest4j.AssertionFailedError: El fitxer hauria d'existir ==> expected: <true> but was: <false>
	at com.project.PR113FilesTest.testSobreescriureFrases(PR113FilesTest.java:28)

com.project.PR113FilesTest.testAfegirFrases  Time elapsed: 0.001 s  <<< FAILURE!
org.opentest4j.AssertionFailedError: El fitxer hauria d'existir ==> expected: <true> but was: <false>
	at com.project.PR113FilesTest.testAfegirFrases(PR113FilesTest.java:53)

