<?xml version="1.0" encoding="UTF-8"?>
<testsuite xmlns:xsi="http://www.w3.org/2001/XMLSchema-instance" xsi:noNamespaceSchemaLocation="https://maven.apache.org/surefire/maven-surefire-plugin/xsd/surefire-test-report-3.0.xsd" version="3.0" name="com.project.PR112catTest" time="0.005" tests="3" errors="0" skipped="0" failures="3">
  <properties>
[...]
</properties>
  <testcase name="testMostrarMissatgeFitxerNoExisteix" classname="com.project.PR112catTest" time="0.001">
    <failure type="org.opentest4j.AssertionFailedError"><![CDATA[org.opentest4j.AssertionFailedError: expected: <El fitxer no existeix o no és accessible.> but was: <>
	at com.project.PR112catTest.testMostrarMissatgeFitxerNoExisteix(PR112catTest.java:91)
]]></failure>
  </testcase>
  <testcase name="testMostrarContingutArxiuCorrecte" classname="com.project.PR112catTest" time="0.001">
    <failure type="org.opentest4j.AssertionFailedError"><![CDATA[org.opentest4j.AssertionFailedError: expected: <true> but was: <false>
	at com.project.PR112catTest.testMostrarContingutArxiuCorrecte(PR112catTest.java:48)
]]></failure>
  </testcase>
  <testcase name="testMostrarMissatgeEsCarpeta" classname="com.project.PR112catTest" time="0.001">
    <failure type="org.opentest4j.AssertionFailedError"><![CDATA[org.opentest4j.AssertionFailedError: expected: <El path no correspon a un arxiu, sinó a una carpeta.> but was: <>
	at com.project.PR112catTest.testMostrarMissatgeEsCarpeta(PR112catTest.java:70)
]]></failure>
  </testcase>
</testsuite>